<?xml version="1.0" encoding="UTF-8" standalone="yes"?>
<testsuites time="9.724" tests="1" failures="0" errors="1">
    <testsuite name="GraphWalker" tests="1" failures="0" errors="1" time="9.724" timestamp="2023-11-06T18:52:39">
        <properties>
[...]
</properties>
        <testcase name="LoginTrelloTest" time="9.724" classname="com.company.LoginTrelloTest">
            <error type="java.lang.reflect.InvocationTargetException">
                java.lang.reflect.InvocationTargetException&#13;
                	at java.base/jdk.internal.reflect.NativeMethodAccessorImpl.invoke0(Native Method)&#13;
                	at java.base/jdk.internal.reflect.NativeMethodAccessorImpl.invoke(NativeMethodAccessorImpl.java:77)&#13;
                	at java.base/jdk.internal.reflect.DelegatingMethodAccessorImpl.invoke(DelegatingMethodAccessorImpl.java:43)&#13;
                	at java.base/java.lang.reflect.Method.invoke(Method.java:568)&#13;
                	at org.graphwalker.core.machine.ExecutionContext.execute(ExecutionContext.java:276)&#13;
                	at org.graphwalker.core.machine.SimpleMachine.execute(SimpleMachine.java:282)&#13;
                	at org.graphwalker.core.machine.SimpleMachine.getNextStep(SimpleMachine.java:105)&#13;
                	at org.graphwalker.java.test.TestExecutor.execute(TestExecutor.java:247)&#13;
                	at java.base/jdk.internal.reflect.NativeMethodAccessorImpl.invoke0(Native Method)&#13;
                	at java.base/jdk.internal.reflect.NativeMethodAccessorImpl.invoke(NativeMethodAccessorImpl.java:77)&#13;
                	at java.base/jdk.internal.reflect.DelegatingMethodAccessorImpl.invoke(DelegatingMethodAccessorImpl.java:43)&#13;
                	at java.base/java.lang.reflect.Method.invoke(Method.java:568)&#13;
                	at org.graphwalker.java.test.Reflections.invoke(Reflections.java:73)&#13;
                	at org.graphwalker.java.test.Reflector.execute(Reflector.java:123)&#13;
                	at org.graphwalker.maven.plugin.TestMojo.execute(TestMojo.java:161)&#13;
                	at org.apache.maven.plugin.DefaultBuildPluginManager.executeMojo(DefaultBuildPluginManager.java:126)&#13;
                	at org.apache.maven.lifecycle.internal.MojoExecutor.doExecute2(MojoExecutor.java:328)&#13;
                	at org.apache.maven.lifecycle.internal.MojoExecutor.doExecute(MojoExecutor.java:316)&#13;
                	at org.apache.maven.lifecycle.internal.MojoExecutor.execute(MojoExecutor.java:212)&#13;
                	at org.apache.maven.lifecycle.internal.MojoExecutor.execute(MojoExecutor.java:174)&#13;
                	at org.apache.maven.lifecycle.internal.MojoExecutor.access$000(MojoExecutor.java:75)&#13;
                	at org.apache.maven.lifecycle.internal.MojoExecutor$1.run(MojoExecutor.java:162)&#13;
                	at org.apache.maven.plugin.DefaultMojosExecutionStrategy.execute(DefaultMojosExecutionStrategy.java:39)&#13;
                	at org.apache.maven.lifecycle.internal.MojoExecutor.execute(MojoExecutor.java:159)&#13;
                	at org.apache.maven.lifecycle.internal.LifecycleModuleBuilder.buildProject(LifecycleModuleBuilder.java:105)&#13;
                	at org.apache.maven.lifecycle.internal.LifecycleModuleBuilder.buildProject(LifecycleModuleBuilder.java:73)&#13;
                	at org.apache.maven.lifecycle.internal.builder.singlethreaded.SingleThreadedBuilder.build(SingleThreadedBuilder.java:53)&#13;
                	at org.apache.maven.lifecycle.internal.LifecycleStarter.execute(LifecycleStarter.java:118)&#13;
                	at org.apache.maven.DefaultMaven.doExecute(DefaultMaven.java:261)&#13;
                	at org.apache.maven.DefaultMaven.doExecute(DefaultMaven.java:173)&#13;
                	at org.apache.maven.DefaultMaven.execute(DefaultMaven.java:101)&#13;
                	at org.apache.maven.cli.MavenCli.execute(MavenCli.java:906)&#13;
                	at org.apache.maven.cli.MavenCli.doMain(MavenCli.java:283)&#13;
                	at org.apache.maven.cli.MavenCli.main(MavenCli.java:206)&#13;
                	at java.base/jdk.internal.reflect.NativeMethodAccessorImpl.invoke0(Native Method)&#13;
                	at java.base/jdk.internal.reflect.NativeMethodAccessorImpl.invoke(NativeMethodAccessorImpl.java:77)&#13;
                	at java.base/jdk.internal.reflect.DelegatingMethodAccessorImpl.invoke(DelegatingMethodAccessorImpl.java:43)&#13;
                	at java.base/java.lang.reflect.Method.invoke(Method.java:568)&#13;
                	at org.codehaus.plexus.classworlds.launcher.Launcher.launchEnhanced(Launcher.java:283)&#13;
                	at org.codehaus.plexus.classworlds.launcher.Launcher.launch(Launcher.java:226)&#13;
                	at org.codehaus.plexus.classworlds.launcher.Launcher.mainWithExitCode(Launcher.java:407)&#13;
                	at org.codehaus.plexus.classworlds.launcher.Launcher.main(Launcher.java:348)&#13;
                Caused by: org.openqa.selenium.TimeoutException: Expected condition failed: waiting for visibility of element located by By.cssSelector: h2[data-testid='list-name']:contains('To Do') (tried for 4 second(s) with 500 milliseconds interval)&#13;
                	at org.openqa.selenium.support.ui.WebDriverWait.timeoutException(WebDriverWait.java:95)&#13;
                	at org.openqa.selenium.support.ui.FluentWait.until(FluentWait.java:272)&#13;
                	at com.company.LoginTrelloTest.e_selectToDoList(LoginTrelloTest.java:138)&#13;
                	... 42 more&#13;
                Caused by: org.openqa.selenium.InvalidSelectorException: Given css selector expression "h2[data-testid='list-name']:contains('To Do')" is invalid: InvalidSelectorError: Document.querySelector: 'h2[data-testid='list-name']:contains('To Do')' is not a valid selector: "h2[data-testid='list-name']:contains('To Do')"
                For documentation on this error, please visit: https://www.seleniumhq.org/exceptions/invalid_selector_exception.html
                Build info: version: '3.141.59', revision: 'e82be7d358', time: '2018-11-14T08:17:03'
                System info: host: 'DESKTOP-RE8DDNJ', ip: '192.168.1.133', os.name: 'Windows 10', os.arch: 'amd64', os.version: '10.0', java.version: '17.0.9'
                Driver info: org.openqa.selenium.firefox.FirefoxDriver
                Capabilities {acceptInsecureCerts: true, browserName: firefox, browserVersion: 119.0, javascriptEnabled: true, moz:accessibilityChecks: false, moz:buildID: 20231019122658, moz:geckodriverVersion: 0.33.0, moz:headless: false, moz:platformVersion: 10.0, moz:processID: 10320, moz:profile: C:\Users\adabu\AppData\Loca..., moz:shutdownTimeout: 60000, moz:webdriverClick: true, moz:windowless: false, pageLoadStrategy: normal, platform: WINDOWS, platformName: WINDOWS, proxy: Proxy(), setWindowRect: true, strictFileInteractability: false, timeouts: {implicit: 0, pageLoad: 300000, script: 30000}, unhandledPromptBehavior: dismiss and notify}
                Session ID: a97b8b34-1bab-40f1-901d-51d8e1611621
                *** Element info: {Using=css selector, value=h2[data-testid='list-name']:contains('To Do')}&#13;
                	at java.base/jdk.internal.reflect.NativeConstructorAccessorImpl.newInstance0(Native Method)&#13;
                	at java.base/jdk.internal.reflect.NativeConstructorAccessorImpl.newInstance(NativeConstructorAccessorImpl.java:77)&#13;
                	at java.base/jdk.internal.reflect.DelegatingConstructorAccessorImpl.newInstance(DelegatingConstructorAccessorImpl.java:45)&#13;
                	at java.base/java.lang.reflect.Constructor.newInstanceWithCaller(Constructor.java:499)&#13;
                	at java.base/java.lang.reflect.Constructor.newInstance(Constructor.java:480)&#13;
                	at org.openqa.selenium.remote.http.W3CHttpResponseCodec.createException(W3CHttpResponseCodec.java:187)&#13;
                	at org.openqa.selenium.remote.http.W3CHttpResponseCodec.decode(W3CHttpResponseCodec.java:122)&#13;
                	at org.openqa.selenium.remote.http.W3CHttpResponseCodec.decode(W3CHttpResponseCodec.java:49)&#13;
                	at org.openqa.selenium.remote.HttpCommandExecutor.execute(HttpCommandExecutor.java:158)&#13;
                	at org.openqa.selenium.remote.service.DriverCommandExecutor.execute(DriverCommandExecutor.java:83)&#13;
                	at org.openqa.selenium.remote.RemoteWebDriver.execute(RemoteWebDriver.java:552)&#13;
                	at org.openqa.selenium.remote.RemoteWebDriver.findElement(RemoteWebDriver.java:323)&#13;
                	at org.openqa.selenium.remote.RemoteWebDriver.findElementByCssSelector(RemoteWebDriver.java:420)&#13;
                	at org.openqa.selenium.By$ByCssSelector.findElement(By.java:431)&#13;
                	at org.openqa.selenium.remote.RemoteWebDriver.findElement(RemoteWebDriver.java:315)&#13;
                	at org.openqa.selenium.support.ui.ExpectedConditions$7.apply(ExpectedConditions.java:205)&#13;
                	at org.openqa.selenium.support.ui.ExpectedConditions$7.apply(ExpectedConditions.java:201)&#13;
                	at org.openqa.selenium.support.ui.FluentWait.until(FluentWait.java:249)&#13;
                	... 43 more&#13;
</error>
        </testcase>
    </testsuite>
</testsuites>
